<?xml version="1.0" encoding="UTF-8"?>
<testng-results ignored="0" total="2" passed="2" failed="0" skipped="0">
  <reporter-output>
  </reporter-output>
  <suite started-at="2024-02-01T12:36:57 IST" name="Default suite" finished-at="2024-02-01T12:37:19 IST" duration-ms="21745">
    <groups>
    </groups>
    <test started-at="2024-02-01T12:36:57 IST" name="Default test" finished-at="2024-02-01T12:37:19 IST" duration-ms="21745">
      <class name="com.testcases.SearchTest">
        <test-method is-config="true" signature="setup()[pri:0, instance:com.testcases.SearchTest@78123e82]" started-at="2024-02-01T12:36:57 IST" name="setup" finished-at="2024-02-01T12:37:07 IST" duration-ms="9558" status="PASS">
          <reporter-output>
          </reporter-output>
        </test-method> <!-- setup -->
        <test-method signature="search1()[pri:1, instance:com.testcases.SearchTest@78123e82]" started-at="2024-02-01T12:37:07 IST" name="search1" finished-at="2024-02-01T12:37:08 IST" duration-ms="1710" status="PASS">
          <reporter-output>
          </reporter-output>
        </test-method> <!-- search1 -->
        <test-method is-config="true" signature="teardown()[pri:0, instance:com.testcases.SearchTest@78123e82]" started-at="2024-02-01T12:37:08 IST" name="teardown" finished-at="2024-02-01T12:37:09 IST" duration-ms="307" status="PASS">
          <reporter-output>
          </reporter-output>
        </test-method> <!-- teardown -->
        <test-method is-config="true" signature="setup()[pri:0, instance:com.testcases.SearchTest@78123e82]" started-at="2024-02-01T12:37:09 IST" name="setup" finished-at="2024-02-01T12:37:17 IST" duration-ms="7994" status="PASS">
          <reporter-output>
          </reporter-output>
        </test-method> <!-- setup -->
        <test-method signature="dropdown1()[pri:2, instance:com.testcases.SearchTest@78123e82]" started-at="2024-02-01T12:37:17 IST" name="dropdown1" finished-at="2024-02-01T12:37:18 IST" duration-ms="1856" status="PASS">
          <reporter-output>
          </reporter-output>
        </test-method> <!-- dropdown1 -->
        <test-method is-config="true" signature="teardown()[pri:0, instance:com.testcases.SearchTest@78123e82]" started-at="2024-02-01T12:37:18 IST" name="teardown" finished-at="2024-02-01T12:37:19 IST" duration-ms="280" status="PASS">
          <reporter-output>
          </reporter-output>
        </test-method> <!-- teardown -->
      </class> <!-- com.testcases.SearchTest -->
    </test> <!-- Default test -->
  </suite> <!-- Default suite -->
</testng-results>
