<?xml version="1.0" encoding="UTF-8"?>
<testng-results ignored="0" total="1" passed="1" failed="0" skipped="0">
  <reporter-output>
  </reporter-output>
  <suite started-at="2024-02-05T16:55:09 IST" name="Default suite" finished-at="2024-02-05T16:55:27 IST" duration-ms="17835">
    <groups>
    </groups>
    <test started-at="2024-02-05T16:55:09 IST" name="Default test" finished-at="2024-02-05T16:55:27 IST" duration-ms="17835">
      <class name="com.testcases.AddressTest">
        <test-method is-config="true" signature="setup()[pri:0, instance:com.testcases.AddressTest@32ee6fee]" started-at="2024-02-05T16:55:10 IST" name="setup" finished-at="2024-02-05T16:55:19 IST" duration-ms="8549" status="PASS">
          <reporter-output>
          </reporter-output>
        </test-method> <!-- setup -->
        <test-method signature="verify_addAddress(java.lang.String,java.lang.String,java.lang.String,java.lang.String,java.lang.String,java.lang.String)[pri:1, instance:com.testcases.AddressTest@32ee6fee]" started-at="2024-02-05T16:55:19 IST" name="verify_addAddress" data-provider="setdata1" finished-at="2024-02-05T16:55:27 IST" duration-ms="8123" status="PASS">
          <params>
            <param index="0">
              <value>
                <![CDATA[vyshnavi batchu]]>
              </value>
            </param>
            <param index="1">
              <value>
                <![CDATA[9010475050]]>
              </value>
            </param>
            <param index="2">
              <value>
                <![CDATA[markapur]]>
              </value>
            </param>
            <param index="3">
              <value>
                <![CDATA[523 316]]>
              </value>
            </param>
            <param index="4">
              <value>
                <![CDATA[radham bazar]]>
              </value>
            </param>
            <param index="5">
              <value>
                <![CDATA[markapur]]>
              </value>
            </param>
          </params>
          <reporter-output>
          </reporter-output>
        </test-method> <!-- verify_addAddress -->
        <test-method is-config="true" signature="teardown()[pri:0, instance:com.testcases.AddressTest@32ee6fee]" started-at="2024-02-05T16:55:27 IST" name="teardown" finished-at="2024-02-05T16:55:27 IST" duration-ms="217" status="PASS">
          <reporter-output>
          </reporter-output>
        </test-method> <!-- teardown -->
      </class> <!-- com.testcases.AddressTest -->
    </test> <!-- Default test -->
  </suite> <!-- Default suite -->
</testng-results>
